
ROM used:   899/8192 (11%)
            899/8192 (11%) including unused fragments

            0.7 Average locations per line
            7.7 Average locations per statement

RAM used:   23/368 (6%) at main() level
            42/368 (11%) worst case

Stack used: 7 worst case (5 in main + 2 for interrupts)
Stack size: 8

Lines Stmts  %   Files
----- ----- ---  -----
   63    33  28  main.c
   10     0   0  main.h
  671     0   0  C:\Program Files (x86)\PICC\Devices\16F877A.h
  456    84  72  C:\Program Files (x86)\PICC\Drivers\lcd.c
----- -----
 1200   117 Total

Page ROM  %  RAM   Vol Diff  Functions:
---- --- --- ---   --- ----  ----------
0     20   2    1             @delay_ms1
 Inline         3   596  5.9  lcd_read_byte
0      6   1    0    59  4.2  lcd_read_nibble
0     17   2    1   179  3.3  lcd_send_nibble
0     66   7    3   460  4.7  lcd_send_byte
0     80   9    6   814  7.2  lcd_init
0     18   2    4   208  6.3  lcd_gotoxy
0     50   6    1   354  4.7  lcd_putc
0     19   2    0    54  1.2  AD_isr
0    211  23    1   927  2.9  MAIN
0      7   1    0             @const666
0     86  10    4             @PSTRINGC7_647
0      6   1    0             @const668
0     18   2    0             @const669
0      5   1    0             @const670
0     87  10    5             @PSTRINGCN7_647
0     99  11    9             @PRINTF_LU_647
0     18   2    0             @const675
0      5   1    0             @const676
 Inline         0             @cinit1

Program metrics:
    Functions               9
    Statements              117
    Comments                219
    Volume (V)              5537
    Difficulty (D)          37.5
    Effort to implement (E) 207430
    Time to implement (T)   3 hours, 12 minutes
    Est Delivered Bugs (B)  1
    Cyclomatic Complexity   8
    Maintainability (MI)    145

 Segment     Used  Free
-----------  ----  ----
00000-00003     4  0  
00004-00050    77  0  
00051-007FF   818  1149  
00800-00FFF     0  2048  
01000-017FF     0  2048  
01800-01FFF     0  2048  



