
ROM used:   174/8192 (2%)
            174/8192 (2%) including unused fragments

            0.3 Average locations per line
            5.1 Average locations per statement

RAM used:   16/368 (4%) at main() level
            20/368 (5%) worst case

Stack used: 1 worst case (1 in main + 0 for interrupts)
Stack size: 8

Lines Stmts  %   Files
----- ----- ---  -----
   46    34 100  main.c
   10     0   0  main.h
  639     0   0  C:\Program Files (x86)\PICC\Devices\16F877.h
----- -----
  695    34 Total

Page ROM  %  RAM   Vol Diff  Functions:
---- --- --- ---   --- ----  ----------
0     20  11    1             @delay_ms1
0    150  86   11  1094  7.6  main
 Inline         0             @cinit1

Program metrics:
    Functions               1
    Statements              34
    Comments                111
    Volume (V)              1100
    Difficulty (D)          7.4
    Effort to implement (E) 8140
    Time to implement (T)   8 minutes
    Est Delivered Bugs (B)  0
    Cyclomatic Complexity   4
    Maintainability (MI)    48

 Segment     Used  Free
-----------  ----  ----
00000-00003     4  0  
00004-007FF   170  1874  
00800-00FFF     0  2048  
01000-017FF     0  2048  
01800-01FFF     0  2048  



