
ROM used:   94/8192 (1%)
            94/8192 (1%) including unused fragments

            0.1 Average locations per line
            4.1 Average locations per statement

RAM used:   6/368 (2%) at main() level
            7/368 (2%) worst case

Stack used: 1 worst case (1 in main + 0 for interrupts)
Stack size: 8

Lines Stmts  %   Files
----- ----- ---  -----
   33    23 100  main.c
   10     0   0  main.h
  639     0   0  C:\Program Files (x86)\PICC\Devices\16F877.h
----- -----
  682    23 Total

Page ROM  %  RAM   Vol Diff  Functions:
---- --- --- ---   --- ----  ----------
0     20  21    1             @delay_ms1
0     70  74    1   491  4.7  main
 Inline         0             @cinit1

Program metrics:
    Functions               1
    Statements              23
    Comments                111
    Volume (V)              497
    Difficulty (D)          4.5
    Effort to implement (E) 2235
    Time to implement (T)   2 minutes
    Est Delivered Bugs (B)  0
    Cyclomatic Complexity   4
    Maintainability (MI)    58

 Segment     Used  Free
-----------  ----  ----
00000-00003     4  0  
00004-007FF    90  1954  
00800-00FFF     0  2048  
01000-017FF     0  2048  
01800-01FFF     0  2048  



