
ROM used:   164/8192 (2%)
            164/8192 (2%) including unused fragments

            0.2 Average locations per line
            6.3 Average locations per statement

RAM used:   14/368 (4%) at main() level
            27/368 (7%) worst case

Stack used: 1 worst case (0 in main + 1 for interrupts)
Stack size: 8

Lines Stmts  %   Files
----- ----- ---  -----
   51    26 100  main.c
   10     0   0  main.h
  671     0   0  C:\Program Files (x86)\PICC\Devices\16F877A.h
----- -----
  732    26 Total

Page ROM  %  RAM   Vol Diff  Functions:
---- --- --- ---   --- ----  ----------
0      4   2    0     5  1.0  timer0_interrupt
0    113  69    1   781  6.9  MAIN
 Inline         0             @cinit1

Program metrics:
    Functions               2
    Statements              26
    Comments                119
    Volume (V)              810
    Difficulty (D)          7.7
    Effort to implement (E) 6258
    Time to implement (T)   6 minutes
    Est Delivered Bugs (B)  0
    Cyclomatic Complexity   3
    Maintainability (MI)    69

 Segment     Used  Free
-----------  ----  ----
00000-00003     4  0  
00004-0002E    43  0  
0002F-007FF   117  1884  
00800-00FFF     0  2048  
01000-017FF     0  2048  
01800-01FFF     0  2048  



