
ROM used:   118/8192 (1%)
            118/8192 (1%) including unused fragments

            0.2 Average locations per line
            9.8 Average locations per statement

RAM used:   12/368 (3%) at main() level
            12/368 (3%) worst case

Stack used: 1 worst case (0 in main + 1 for interrupts)
Stack size: 8

Lines Stmts  %   Files
----- ----- ---  -----
   46    12 100  main.c
   10     0   0  main.h
  671     0   0  C:\Program Files (x86)\PICC\Devices\16F877A.h
----- -----
  727    12 Total

Page ROM  %  RAM   Vol Diff  Functions:
---- --- --- ---   --- ----  ----------
0      9   8    0    17  0.8  extint
0      9   8    0    17  0.8  timer0int
0      9   8    0    17  0.8  timer1_isr
0     28  24    0   163  2.2  MAIN
 Inline         0             @cinit1

Program metrics:
    Functions               4
    Statements              12
    Comments                120
    Volume (V)              297
    Difficulty (D)          5.0
    Effort to implement (E) 1473
    Time to implement (T)   1 minutes
    Est Delivered Bugs (B)  0
    Cyclomatic Complexity   1
    Maintainability (MI)    171

 Segment     Used  Free
-----------  ----  ----
00000-00003     4  0  
00004-0003E    59  0  
0003F-007FF    55  1930  
00800-00FFF     0  2048  
01000-017FF     0  2048  
01800-01FFF     0  2048  



