
ROM used:   83/8192 (1%)
            83/8192 (1%) including unused fragments

            0.1 Average locations per line
            8.3 Average locations per statement

RAM used:   13/368 (4%) at main() level
            13/368 (4%) worst case

Stack used: 1 worst case (0 in main + 1 for interrupts)
Stack size: 8

Lines Stmts  %   Files
----- ----- ---  -----
   31    10 100  main.c
   10     0   0  main.h
  671     0   0  C:\Program Files (x86)\PICC\Devices\16F877A.h
----- -----
  712    10 Total

Page ROM  %  RAM   Vol Diff  Functions:
---- --- --- ---   --- ----  ----------
0     15  18    0    82  2.8  timer0_interrupt
0     21  25    0    88  2.0  MAIN
 Inline         0             @cinit1

Program metrics:
    Functions               2
    Statements              10
    Comments                121
    Volume (V)              214
    Difficulty (D)          4.6
    Effort to implement (E) 991
    Time to implement (T)   1 minutes
    Est Delivered Bugs (B)  0
    Cyclomatic Complexity   1
    Maintainability (MI)    96

 Segment     Used  Free
-----------  ----  ----
00000-00003     4  0  
00004-0002E    43  0  
0002F-007FF    36  1965  
00800-00FFF     0  2048  
01000-017FF     0  2048  
01800-01FFF     0  2048  



