CCS PCM C Compiler, Version 5.015, 5967               02-Aðu-21 14:14

               Filename:   D:\Masaüstü\Embedded Systems(Gömülü Sistemler)\Projeler\Proje 9(Interrupt)\main.lst

               ROM used:   83 words (1%)
                           Largest free fragment is 2048
               RAM used:   13 (4%) at main() level
                           13 (4%) worst case
               Stack used: 1 locations (0 in main + 1 for interrupts)
               Stack size: 8

*
0000:  MOVLW  00
0001:  MOVWF  0A
0002:  GOTO   03E
0003:  NOP
0004:  MOVWF  7F
0005:  SWAPF  03,W
0006:  CLRF   03
0007:  MOVWF  21
0008:  MOVF   0A,W
0009:  MOVWF  20
000A:  CLRF   0A
000B:  MOVF   04,W
000C:  MOVWF  22
000D:  MOVF   77,W
000E:  MOVWF  23
000F:  MOVF   78,W
0010:  MOVWF  24
0011:  MOVF   79,W
0012:  MOVWF  25
0013:  MOVF   7A,W
0014:  MOVWF  26
0015:  BCF    03.7
0016:  BCF    03.5
0017:  BTFSS  0B.5
0018:  GOTO   01B
0019:  BTFSC  0B.2
001A:  GOTO   02C
001B:  MOVF   22,W
001C:  MOVWF  04
001D:  MOVF   23,W
001E:  MOVWF  77
001F:  MOVF   24,W
0020:  MOVWF  78
0021:  MOVF   25,W
0022:  MOVWF  79
0023:  MOVF   26,W
0024:  MOVWF  7A
0025:  MOVF   20,W
0026:  MOVWF  0A
0027:  SWAPF  21,W
0028:  MOVWF  03
0029:  SWAPF  7F,F
002A:  SWAPF  7F,W
002B:  RETFIE
002C:  BCF    0A.3
002D:  BCF    0A.4
002E:  GOTO   02F
.................... #include <main.h> 
.................... #include <16F877A.h> 
.................... //////////// Standard Header file for the PIC16F877A device //////////////// 
.................... /////////////////////////////////////////////////////////////////////////// 
.................... ////        (C) Copyright 1996, 2013 Custom Computer Services          //// 
.................... //// This source code may only be used by licensed users of the CCS C  //// 
.................... //// compiler.  This source code may only be distributed to other      //// 
.................... //// licensed users of the CCS C compiler.  No other use, reproduction //// 
.................... //// or distribution is permitted without written permission.          //// 
.................... //// Derivative programs created using this software in object code    //// 
.................... //// form are not restricted in any way.                               //// 
.................... /////////////////////////////////////////////////////////////////////////// 
.................... #device PIC16F877A 
....................  
.................... #list 
....................  
.................... #device ADC=16 
....................  
.................... #FUSES NOWDT                 	//No Watch Dog Timer 
.................... #FUSES NOBROWNOUT            	//No brownout reset 
.................... #FUSES NOLVP                 	//No low voltage prgming, B3(PIC16) or B5(PIC18) used for I/O 
....................  
.................... #use delay(crystal=20000000) 
....................  
....................  
....................  
.................... int count_period; 
....................  
.................... #INT_RTCC 
....................  
.................... void  timer0_interrupt(void)  
.................... { 
....................    count_period++; 
002F:  INCF   27,F
....................    if(count_period==76) 
0030:  MOVF   27,W
0031:  SUBLW  4C
0032:  BTFSS  03.2
0033:  GOTO   03A
....................    { 
....................        output_toggle(pin_a0); 
0034:  BSF    03.5
0035:  BCF    05.0
0036:  MOVLW  01
0037:  BCF    03.5
0038:  XORWF  05,F
....................        count_period=0; 
0039:  CLRF   27
....................    } 
003A:  BCF    0B.2
003B:  BCF    0A.3
003C:  BCF    0A.4
003D:  GOTO   01B
.................... } 
....................  
.................... void main() 
003E:  MOVF   03,W
003F:  ANDLW  1F
0040:  MOVWF  03
0041:  BSF    03.5
0042:  BSF    1F.0
0043:  BSF    1F.1
0044:  BSF    1F.2
0045:  BCF    1F.3
0046:  MOVLW  07
0047:  MOVWF  1C
0048:  BCF    03.7
.................... { 
....................    setup_timer_0(RTCC_INTERNAL|RTCC_DIV_256|RTCC_8_bit);      //51,2 us overflow 
0049:  MOVF   01,W
004A:  ANDLW  C0
004B:  IORLW  07
004C:  MOVWF  01
....................  
....................  
....................    enable_interrupts(INT_RTCC); 
004D:  BCF    03.5
004E:  BSF    0B.5
....................    enable_interrupts(GLOBAL); 
004F:  MOVLW  C0
0050:  IORWF  0B,F
....................  
....................    while(TRUE) 
....................    { 
0051:  GOTO   051
....................       //TODO: User Code 
....................    } 
....................  
.................... } 
0052:  SLEEP

Configuration Fuses:
   Word  1: 3F32   HS NOWDT PUT NOBROWNOUT NOLVP NOCPD NOWRT NODEBUG NOPROTECT
