
ROM used:   133/8192 (2%)
            133/8192 (2%) including unused fragments

            0.2 Average locations per line
            7.0 Average locations per statement

RAM used:   13/368 (4%) at main() level
            14/368 (4%) worst case

Stack used: 1 worst case (0 in main + 1 for interrupts)
Stack size: 8

Lines Stmts  %   Files
----- ----- ---  -----
   50    19 100  main.c
   10     0   0  main.h
  671     0   0  C:\Program Files (x86)\PICC\Devices\16F877A.h
----- -----
  731    19 Total

Page ROM  %  RAM   Vol Diff  Functions:
---- --- --- ---   --- ----  ----------
0      4   3    0     5  1.0  RTCC_isr
0      4   3    0     5  1.0  TIMER1_isr
0     69  52    0   381  3.3  MAIN
 Inline         0             @cinit1

Program metrics:
    Functions               3
    Statements              19
    Comments                120
    Volume (V)              431
    Difficulty (D)          5.0
    Effort to implement (E) 2166
    Time to implement (T)   2 minutes
    Est Delivered Bugs (B)  0
    Cyclomatic Complexity   2
    Maintainability (MI)    97

 Segment     Used  Free
-----------  ----  ----
00000-00003     4  0  
00004-00037    52  0  
00038-007FF    77  1915  
00800-00FFF     0  2048  
01000-017FF     0  2048  
01800-01FFF     0  2048  



